<?xml version="1.0" encoding="UTF-8"?>
<testng-results skipped="0" failed="0" ignored="0" total="2" passed="2">
  <reporter-output>
  </reporter-output>
  <suite name="Suite" duration-ms="2209" started-at="2020-03-16T05:38:28Z" finished-at="2020-03-16T05:38:30Z">
    <groups>
    </groups>
    <test name="Test" duration-ms="2209" started-at="2020-03-16T05:38:28Z" finished-at="2020-03-16T05:38:30Z">
      <class name="com.testcase.Logintest">
        <test-method status="PASS" signature="setup()[pri:0, instance:com.testcase.Logintest@6483f5ae]" name="setup" is-config="true" duration-ms="16561" started-at="2020-03-16T05:38:11Z" finished-at="2020-03-16T05:38:28Z">
          <reporter-output>
          </reporter-output>
        </test-method> <!-- setup -->
        <test-method status="PASS" signature="test01()[pri:0, instance:com.testcase.Logintest@6483f5ae]" name="test01" duration-ms="2135" started-at="2020-03-16T05:38:28Z" finished-at="2020-03-16T05:38:30Z">
          <reporter-output>
          </reporter-output>
        </test-method> <!-- test01 -->
        <test-method status="PASS" signature="test02()[pri:0, instance:com.testcase.Logintest@6483f5ae]" name="test02" duration-ms="23" started-at="2020-03-16T05:38:30Z" finished-at="2020-03-16T05:38:30Z">
          <reporter-output>
          </reporter-output>
        </test-method> <!-- test02 -->
      </class> <!-- com.testcase.Logintest -->
    </test> <!-- Test -->
  </suite> <!-- Suite -->
</testng-results>
