<?xml version="1.0" encoding="UTF-8"?>
<testng-results ignored="0" total="2" passed="2" failed="0" skipped="0">
  <reporter-output>
  </reporter-output>
  <suite started-at="2020-03-18T07:20:21Z" name="Suite" finished-at="2020-03-18T07:20:23Z" duration-ms="1708">
    <groups>
    </groups>
    <test started-at="2020-03-18T07:20:21Z" name="Test" finished-at="2020-03-18T07:20:23Z" duration-ms="1708">
      <class name="com.testcase.Logintest">
        <test-method is-config="true" signature="setup()[pri:0, instance:com.testcase.Logintest@1649b0e6]" started-at="2020-03-18T07:20:10Z" name="setup" finished-at="2020-03-18T07:20:21Z" duration-ms="11803" status="PASS">
          <reporter-output>
          </reporter-output>
        </test-method> <!-- setup -->
        <test-method signature="test01()[pri:0, instance:com.testcase.Logintest@1649b0e6]" started-at="2020-03-18T07:20:21Z" name="test01" finished-at="2020-03-18T07:20:23Z" duration-ms="1663" status="PASS">
          <reporter-output>
          </reporter-output>
        </test-method> <!-- test01 -->
        <test-method signature="test02()[pri:0, instance:com.testcase.Logintest@1649b0e6]" started-at="2020-03-18T07:20:23Z" name="test02" finished-at="2020-03-18T07:20:23Z" duration-ms="13" status="PASS">
          <reporter-output>
          </reporter-output>
        </test-method> <!-- test02 -->
      </class> <!-- com.testcase.Logintest -->
    </test> <!-- Test -->
  </suite> <!-- Suite -->
</testng-results>
