<?xml version="1.0" encoding="UTF-8"?>
<testng-results ignored="0" total="2" passed="2" failed="0" skipped="0">
  <reporter-output>
  </reporter-output>
  <suite started-at="2020-03-18T06:42:37Z" name="Default suite" finished-at="2020-03-18T06:42:39Z" duration-ms="1866">
    <groups>
    </groups>
    <test started-at="2020-03-18T06:42:37Z" name="Default test" finished-at="2020-03-18T06:42:39Z" duration-ms="1866">
      <class name="com.testcase.Logintest">
        <test-method is-config="true" signature="setup()[pri:0, instance:com.testcase.Logintest@2b6856dd]" started-at="2020-03-18T06:42:25Z" name="setup" finished-at="2020-03-18T06:42:37Z" duration-ms="12258" status="PASS">
          <reporter-output>
          </reporter-output>
        </test-method> <!-- setup -->
        <test-method signature="test01()[pri:0, instance:com.testcase.Logintest@2b6856dd]" started-at="2020-03-18T06:42:37Z" name="test01" finished-at="2020-03-18T06:42:39Z" duration-ms="1801" status="PASS">
          <reporter-output>
          </reporter-output>
        </test-method> <!-- test01 -->
        <test-method signature="test02()[pri:0, instance:com.testcase.Logintest@2b6856dd]" started-at="2020-03-18T06:42:39Z" name="test02" finished-at="2020-03-18T06:42:39Z" duration-ms="15" status="PASS">
          <reporter-output>
          </reporter-output>
        </test-method> <!-- test02 -->
      </class> <!-- com.testcase.Logintest -->
    </test> <!-- Default test -->
  </suite> <!-- Default suite -->
</testng-results>
