<?xml version="1.0" encoding="UTF-8"?>
<testng-results ignored="0" total="2" passed="2" failed="0" skipped="0">
  <reporter-output>
  </reporter-output>
  <suite started-at="2020-03-15T05:39:38Z" name="Suite" finished-at="2020-03-15T05:39:41Z" duration-ms="2942">
    <groups>
    </groups>
    <test started-at="2020-03-15T05:39:38Z" name="Test" finished-at="2020-03-15T05:39:41Z" duration-ms="2942">
      <class name="com.testcase.Logintest">
        <test-method is-config="true" signature="setup()[pri:0, instance:com.testcase.Logintest@27462a88]" started-at="2020-03-15T05:39:25Z" name="setup" finished-at="2020-03-15T05:39:38Z" duration-ms="12224" status="PASS">
          <reporter-output>
          </reporter-output>
        </test-method> <!-- setup -->
        <test-method signature="test01()[pri:0, instance:com.testcase.Logintest@27462a88]" started-at="2020-03-15T05:39:38Z" name="test01" finished-at="2020-03-15T05:39:41Z" duration-ms="2887" status="PASS">
          <reporter-output>
          </reporter-output>
        </test-method> <!-- test01 -->
        <test-method signature="test02()[pri:0, instance:com.testcase.Logintest@27462a88]" started-at="2020-03-15T05:39:41Z" name="test02" finished-at="2020-03-15T05:39:41Z" duration-ms="17" status="PASS">
          <reporter-output>
          </reporter-output>
        </test-method> <!-- test02 -->
      </class> <!-- com.testcase.Logintest -->
    </test> <!-- Test -->
  </suite> <!-- Suite -->
</testng-results>
